CRITICAL - 2026-07-07 18:14:21 --> CodeIgniter\Exceptions\InvalidArgumentException: "default" is not a valid database connection group.
[Method: CLI, Route: migrate]
in SYSTEMPATH\Database\Config.php on line 70.
 1 SYSTEMPATH\Common.php(403): CodeIgniter\Database\Config::connect('default', true)
 2 SYSTEMPATH\Database\MigrationRunner.php(156): db_connect(null)
 3 SYSTEMPATH\Config\Services.php(421): CodeIgniter\Database\MigrationRunner->__construct(Object(Config\Migrations), null)
 4 SYSTEMPATH\Config\BaseService.php(325): CodeIgniter\Config\Services::migrations(Object(Config\Migrations), null, false)
 5 SYSTEMPATH\Config\BaseService.php(264): CodeIgniter\Config\BaseService::__callStatic('migrations', [...])
 6 SYSTEMPATH\Config\Services.php(416): CodeIgniter\Config\BaseService::getSharedInstance('migrations', null, null)
 7 SYSTEMPATH\Config\BaseService.php(334): CodeIgniter\Config\Services::migrations()
 8 SYSTEMPATH\Config\BaseService.php(203): CodeIgniter\Config\BaseService::__callStatic('migrations', [])
 9 SYSTEMPATH\Common.php(1096): CodeIgniter\Config\BaseService::get('migrations')
10 SYSTEMPATH\Commands\Database\Migrate.php(73): service('migrations')
11 SYSTEMPATH\CLI\Commands.php(72): CodeIgniter\Commands\Database\Migrate->run([])
12 SYSTEMPATH\CLI\Console.php(47): CodeIgniter\CLI\Commands->run('migrate', [])
13 SYSTEMPATH\Boot.php(444): CodeIgniter\CLI\Console->run()
14 SYSTEMPATH\Boot.php(166): CodeIgniter\Boot::runCommand(Object(CodeIgniter\CLI\Console))
15 ROOTPATH\spark(87): CodeIgniter\Boot::bootSpark(Object(Config\Paths))
CRITICAL - 2026-07-07 18:21:34 --> CodeIgniter\Exceptions\InvalidArgumentException: "default" is not a valid database connection group.
[Method: CLI, Route: migrate]
in SYSTEMPATH\Database\Config.php on line 70.
 1 SYSTEMPATH\Common.php(403): CodeIgniter\Database\Config::connect('default', true)
 2 SYSTEMPATH\Database\MigrationRunner.php(156): db_connect(null)
 3 SYSTEMPATH\Config\Services.php(421): CodeIgniter\Database\MigrationRunner->__construct(Object(Config\Migrations), null)
 4 SYSTEMPATH\Config\BaseService.php(325): CodeIgniter\Config\Services::migrations(Object(Config\Migrations), null, false)
 5 SYSTEMPATH\Config\BaseService.php(264): CodeIgniter\Config\BaseService::__callStatic('migrations', [...])
 6 SYSTEMPATH\Config\Services.php(416): CodeIgniter\Config\BaseService::getSharedInstance('migrations', null, null)
 7 SYSTEMPATH\Config\BaseService.php(334): CodeIgniter\Config\Services::migrations()
 8 SYSTEMPATH\Config\BaseService.php(203): CodeIgniter\Config\BaseService::__callStatic('migrations', [])
 9 SYSTEMPATH\Common.php(1096): CodeIgniter\Config\BaseService::get('migrations')
10 SYSTEMPATH\Commands\Database\Migrate.php(73): service('migrations')
11 SYSTEMPATH\CLI\Commands.php(72): CodeIgniter\Commands\Database\Migrate->run([])
12 SYSTEMPATH\CLI\Console.php(47): CodeIgniter\CLI\Commands->run('migrate', [])
13 SYSTEMPATH\Boot.php(444): CodeIgniter\CLI\Console->run()
14 SYSTEMPATH\Boot.php(166): CodeIgniter\Boot::runCommand(Object(CodeIgniter\CLI\Console))
15 ROOTPATH\spark(87): CodeIgniter\Boot::bootSpark(Object(Config\Paths))
CRITICAL - 2026-07-07 18:24:40 --> CodeIgniter\Exceptions\CriticalError: The required PHP extension "sqlite3" is not loaded. Install and enable it to use "SQLite3" driver.
[Method: CLI, Route: migrate]
in SYSTEMPATH\Database\Database.php on line 186.
 1 SYSTEMPATH\Database\Database.php(59): CodeIgniter\Database\Database->checkDbExtension('SQLite3')
 2 SYSTEMPATH\Database\Config.php(82): CodeIgniter\Database\Database->load([...], 'default')
 3 SYSTEMPATH\Common.php(403): CodeIgniter\Database\Config::connect('default', true)
 4 SYSTEMPATH\Database\MigrationRunner.php(156): db_connect(null)
 5 SYSTEMPATH\Config\Services.php(421): CodeIgniter\Database\MigrationRunner->__construct(Object(Config\Migrations), null)
 6 SYSTEMPATH\Config\BaseService.php(325): CodeIgniter\Config\Services::migrations(Object(Config\Migrations), null, false)
 7 SYSTEMPATH\Config\BaseService.php(264): CodeIgniter\Config\BaseService::__callStatic('migrations', [...])
 8 SYSTEMPATH\Config\Services.php(416): CodeIgniter\Config\BaseService::getSharedInstance('migrations', null, null)
 9 SYSTEMPATH\Config\BaseService.php(334): CodeIgniter\Config\Services::migrations()
10 SYSTEMPATH\Config\BaseService.php(203): CodeIgniter\Config\BaseService::__callStatic('migrations', [])
11 SYSTEMPATH\Common.php(1096): CodeIgniter\Config\BaseService::get('migrations')
12 SYSTEMPATH\Commands\Database\Migrate.php(73): service('migrations')
13 SYSTEMPATH\CLI\Commands.php(72): CodeIgniter\Commands\Database\Migrate->run([])
14 SYSTEMPATH\CLI\Console.php(47): CodeIgniter\CLI\Commands->run('migrate', [])
15 SYSTEMPATH\Boot.php(444): CodeIgniter\CLI\Console->run()
16 SYSTEMPATH\Boot.php(166): CodeIgniter\Boot::runCommand(Object(CodeIgniter\CLI\Console))
17 ROOTPATH\spark(87): CodeIgniter\Boot::bootSpark(Object(Config\Paths))
CRITICAL - 2026-07-07 18:25:40 --> CodeIgniter\Exceptions\CriticalError: The required PHP extension "sqlite3" is not loaded. Install and enable it to use "SQLite3" driver.
[Method: CLI, Route: migrate]
in SYSTEMPATH\Database\Database.php on line 186.
 1 SYSTEMPATH\Database\Database.php(59): CodeIgniter\Database\Database->checkDbExtension('SQLite3')
 2 SYSTEMPATH\Database\Config.php(82): CodeIgniter\Database\Database->load([...], 'default')
 3 SYSTEMPATH\Common.php(403): CodeIgniter\Database\Config::connect('default', true)
 4 SYSTEMPATH\Database\MigrationRunner.php(156): db_connect(null)
 5 SYSTEMPATH\Config\Services.php(421): CodeIgniter\Database\MigrationRunner->__construct(Object(Config\Migrations), null)
 6 SYSTEMPATH\Config\BaseService.php(325): CodeIgniter\Config\Services::migrations(Object(Config\Migrations), null, false)
 7 SYSTEMPATH\Config\BaseService.php(264): CodeIgniter\Config\BaseService::__callStatic('migrations', [...])
 8 SYSTEMPATH\Config\Services.php(416): CodeIgniter\Config\BaseService::getSharedInstance('migrations', null, null)
 9 SYSTEMPATH\Config\BaseService.php(334): CodeIgniter\Config\Services::migrations()
10 SYSTEMPATH\Config\BaseService.php(203): CodeIgniter\Config\BaseService::__callStatic('migrations', [])
11 SYSTEMPATH\Common.php(1096): CodeIgniter\Config\BaseService::get('migrations')
12 SYSTEMPATH\Commands\Database\Migrate.php(73): service('migrations')
13 SYSTEMPATH\CLI\Commands.php(72): CodeIgniter\Commands\Database\Migrate->run([])
14 SYSTEMPATH\CLI\Console.php(47): CodeIgniter\CLI\Commands->run('migrate', [])
15 SYSTEMPATH\Boot.php(444): CodeIgniter\CLI\Console->run()
16 SYSTEMPATH\Boot.php(166): CodeIgniter\Boot::runCommand(Object(CodeIgniter\CLI\Console))
17 ROOTPATH\spark(87): CodeIgniter\Boot::bootSpark(Object(Config\Paths))
ERROR - 2026-07-07 18:30:10 --> Error connecting to the database: Exception: Unable to open database: unable to open database file in C:\xampp\htdocs\inova100treinamento\vendor\codeigniter4\framework\system\Database\SQLite3\Connection.php:111
Stack trace:
#0 C:\xampp\htdocs\inova100treinamento\vendor\codeigniter4\framework\system\Database\SQLite3\Connection.php(111): SQLite3->__construct('C:\\xampp\\htdocs...')
#1 C:\xampp\htdocs\inova100treinamento\vendor\codeigniter4\framework\system\Database\BaseConnection.php(555): CodeIgniter\Database\SQLite3\Connection->connect(false)
#2 C:\xampp\htdocs\inova100treinamento\vendor\codeigniter4\framework\system\Database\SQLite3\Connection.php(74): CodeIgniter\Database\BaseConnection->initialize()
#3 C:\xampp\htdocs\inova100treinamento\vendor\codeigniter4\framework\system\Database\BaseConnection.php(795): CodeIgniter\Database\SQLite3\Connection->initialize()
#4 C:\xampp\htdocs\inova100treinamento\vendor\codeigniter4\framework\system\Database\BaseConnection.php(1706): CodeIgniter\Database\BaseConnection->query('SELECT "NAME" F...')
#5 C:\xampp\htdocs\inova100treinamento\vendor\codeigniter4\framework\system\Database\BaseConnection.php(1726): CodeIgniter\Database\BaseConnection->listTables()
#6 C:\xampp\htdocs\inova100treinamento\vendor\codeigniter4\framework\system\Database\MigrationRunner.php(821): CodeIgniter\Database\BaseConnection->tableExists('migrations')
#7 C:\xampp\htdocs\inova100treinamento\vendor\codeigniter4\framework\system\Database\MigrationRunner.php(173): CodeIgniter\Database\MigrationRunner->ensureTable()
#8 C:\xampp\htdocs\inova100treinamento\vendor\codeigniter4\framework\system\Commands\Database\Migrate.php(89): CodeIgniter\Database\MigrationRunner->latest(NULL)
#9 C:\xampp\htdocs\inova100treinamento\vendor\codeigniter4\framework\system\CLI\SignalTrait.php(245): CodeIgniter\Commands\Database\Migrate::CodeIgniter\Commands\Database\{closure}()
#10 C:\xampp\htdocs\inova100treinamento\vendor\codeigniter4\framework\system\Commands\Database\Migrate.php(88): CodeIgniter\Commands\Database\Migrate->withSignalsBlocked(Object(Closure))
#11 C:\xampp\htdocs\inova100treinamento\vendor\codeigniter4\framework\system\CLI\Commands.php(72): CodeIgniter\Commands\Database\Migrate->run(Array)
#12 C:\xampp\htdocs\inova100treinamento\vendor\codeigniter4\framework\system\CLI\Console.php(47): CodeIgniter\CLI\Commands->run('migrate', Array)
#13 C:\xampp\htdocs\inova100treinamento\vendor\codeigniter4\framework\system\Boot.php(444): CodeIgniter\CLI\Console->run()
#14 C:\xampp\htdocs\inova100treinamento\vendor\codeigniter4\framework\system\Boot.php(166): CodeIgniter\Boot::runCommand(Object(CodeIgniter\CLI\Console))
#15 C:\xampp\htdocs\inova100treinamento\spark(87): CodeIgniter\Boot::bootSpark(Object(Config\Paths))
#16 {main}

Next CodeIgniter\Database\Exceptions\DatabaseException: SQLite3 error: Unable to open database: unable to open database file in C:\xampp\htdocs\inova100treinamento\vendor\codeigniter4\framework\system\Database\SQLite3\Connection.php:118
Stack trace:
#0 C:\xampp\htdocs\inova100treinamento\vendor\codeigniter4\framework\system\Database\BaseConnection.php(555): CodeIgniter\Database\SQLite3\Connection->connect(false)
#1 C:\xampp\htdocs\inova100treinamento\vendor\codeigniter4\framework\system\Database\SQLite3\Connection.php(74): CodeIgniter\Database\BaseConnection->initialize()
#2 C:\xampp\htdocs\inova100treinamento\vendor\codeigniter4\framework\system\Database\BaseConnection.php(795): CodeIgniter\Database\SQLite3\Connection->initialize()
#3 C:\xampp\htdocs\inova100treinamento\vendor\codeigniter4\framework\system\Database\BaseConnection.php(1706): CodeIgniter\Database\BaseConnection->query('SELECT "NAME" F...')
#4 C:\xampp\htdocs\inova100treinamento\vendor\codeigniter4\framework\system\Database\BaseConnection.php(1726): CodeIgniter\Database\BaseConnection->listTables()
#5 C:\xampp\htdocs\inova100treinamento\vendor\codeigniter4\framework\system\Database\MigrationRunner.php(821): CodeIgniter\Database\BaseConnection->tableExists('migrations')
#6 C:\xampp\htdocs\inova100treinamento\vendor\codeigniter4\framework\system\Database\MigrationRunner.php(173): CodeIgniter\Database\MigrationRunner->ensureTable()
#7 C:\xampp\htdocs\inova100treinamento\vendor\codeigniter4\framework\system\Commands\Database\Migrate.php(89): CodeIgniter\Database\MigrationRunner->latest(NULL)
#8 C:\xampp\htdocs\inova100treinamento\vendor\codeigniter4\framework\system\CLI\SignalTrait.php(245): CodeIgniter\Commands\Database\Migrate::CodeIgniter\Commands\Database\{closure}()
#9 C:\xampp\htdocs\inova100treinamento\vendor\codeigniter4\framework\system\Commands\Database\Migrate.php(88): CodeIgniter\Commands\Database\Migrate->withSignalsBlocked(Object(Closure))
#10 C:\xampp\htdocs\inova100treinamento\vendor\codeigniter4\framework\system\CLI\Commands.php(72): CodeIgniter\Commands\Database\Migrate->run(Array)
#11 C:\xampp\htdocs\inova100treinamento\vendor\codeigniter4\framework\system\CLI\Console.php(47): CodeIgniter\CLI\Commands->run('migrate', Array)
#12 C:\xampp\htdocs\inova100treinamento\vendor\codeigniter4\framework\system\Boot.php(444): CodeIgniter\CLI\Console->run()
#13 C:\xampp\htdocs\inova100treinamento\vendor\codeigniter4\framework\system\Boot.php(166): CodeIgniter\Boot::runCommand(Object(CodeIgniter\CLI\Console))
#14 C:\xampp\htdocs\inova100treinamento\spark(87): CodeIgniter\Boot::bootSpark(Object(Config\Paths))
#15 {main}
ERROR - 2026-07-07 18:31:41 --> Error connecting to the database: Exception: Unable to open database: unable to open database file in C:\xampp\htdocs\inova100treinamento\vendor\codeigniter4\framework\system\Database\SQLite3\Connection.php:111
Stack trace:
#0 C:\xampp\htdocs\inova100treinamento\vendor\codeigniter4\framework\system\Database\SQLite3\Connection.php(111): SQLite3->__construct('C:\\xampp\\htdocs...')
#1 C:\xampp\htdocs\inova100treinamento\vendor\codeigniter4\framework\system\Database\BaseConnection.php(555): CodeIgniter\Database\SQLite3\Connection->connect(false)
#2 C:\xampp\htdocs\inova100treinamento\vendor\codeigniter4\framework\system\Database\SQLite3\Connection.php(74): CodeIgniter\Database\BaseConnection->initialize()
#3 C:\xampp\htdocs\inova100treinamento\vendor\codeigniter4\framework\system\Database\BaseConnection.php(795): CodeIgniter\Database\SQLite3\Connection->initialize()
#4 C:\xampp\htdocs\inova100treinamento\vendor\codeigniter4\framework\system\Database\BaseConnection.php(1706): CodeIgniter\Database\BaseConnection->query('SELECT "NAME" F...')
#5 C:\xampp\htdocs\inova100treinamento\vendor\codeigniter4\framework\system\Database\BaseConnection.php(1726): CodeIgniter\Database\BaseConnection->listTables()
#6 C:\xampp\htdocs\inova100treinamento\vendor\codeigniter4\framework\system\Database\MigrationRunner.php(821): CodeIgniter\Database\BaseConnection->tableExists('migrations')
#7 C:\xampp\htdocs\inova100treinamento\vendor\codeigniter4\framework\system\Database\MigrationRunner.php(173): CodeIgniter\Database\MigrationRunner->ensureTable()
#8 C:\xampp\htdocs\inova100treinamento\vendor\codeigniter4\framework\system\Commands\Database\Migrate.php(89): CodeIgniter\Database\MigrationRunner->latest(NULL)
#9 C:\xampp\htdocs\inova100treinamento\vendor\codeigniter4\framework\system\CLI\SignalTrait.php(245): CodeIgniter\Commands\Database\Migrate::CodeIgniter\Commands\Database\{closure}()
#10 C:\xampp\htdocs\inova100treinamento\vendor\codeigniter4\framework\system\Commands\Database\Migrate.php(88): CodeIgniter\Commands\Database\Migrate->withSignalsBlocked(Object(Closure))
#11 C:\xampp\htdocs\inova100treinamento\vendor\codeigniter4\framework\system\CLI\Commands.php(72): CodeIgniter\Commands\Database\Migrate->run(Array)
#12 C:\xampp\htdocs\inova100treinamento\vendor\codeigniter4\framework\system\CLI\Console.php(47): CodeIgniter\CLI\Commands->run('migrate', Array)
#13 C:\xampp\htdocs\inova100treinamento\vendor\codeigniter4\framework\system\Boot.php(444): CodeIgniter\CLI\Console->run()
#14 C:\xampp\htdocs\inova100treinamento\vendor\codeigniter4\framework\system\Boot.php(166): CodeIgniter\Boot::runCommand(Object(CodeIgniter\CLI\Console))
#15 C:\xampp\htdocs\inova100treinamento\spark(87): CodeIgniter\Boot::bootSpark(Object(Config\Paths))
#16 {main}

Next CodeIgniter\Database\Exceptions\DatabaseException: SQLite3 error: Unable to open database: unable to open database file in C:\xampp\htdocs\inova100treinamento\vendor\codeigniter4\framework\system\Database\SQLite3\Connection.php:118
Stack trace:
#0 C:\xampp\htdocs\inova100treinamento\vendor\codeigniter4\framework\system\Database\BaseConnection.php(555): CodeIgniter\Database\SQLite3\Connection->connect(false)
#1 C:\xampp\htdocs\inova100treinamento\vendor\codeigniter4\framework\system\Database\SQLite3\Connection.php(74): CodeIgniter\Database\BaseConnection->initialize()
#2 C:\xampp\htdocs\inova100treinamento\vendor\codeigniter4\framework\system\Database\BaseConnection.php(795): CodeIgniter\Database\SQLite3\Connection->initialize()
#3 C:\xampp\htdocs\inova100treinamento\vendor\codeigniter4\framework\system\Database\BaseConnection.php(1706): CodeIgniter\Database\BaseConnection->query('SELECT "NAME" F...')
#4 C:\xampp\htdocs\inova100treinamento\vendor\codeigniter4\framework\system\Database\BaseConnection.php(1726): CodeIgniter\Database\BaseConnection->listTables()
#5 C:\xampp\htdocs\inova100treinamento\vendor\codeigniter4\framework\system\Database\MigrationRunner.php(821): CodeIgniter\Database\BaseConnection->tableExists('migrations')
#6 C:\xampp\htdocs\inova100treinamento\vendor\codeigniter4\framework\system\Database\MigrationRunner.php(173): CodeIgniter\Database\MigrationRunner->ensureTable()
#7 C:\xampp\htdocs\inova100treinamento\vendor\codeigniter4\framework\system\Commands\Database\Migrate.php(89): CodeIgniter\Database\MigrationRunner->latest(NULL)
#8 C:\xampp\htdocs\inova100treinamento\vendor\codeigniter4\framework\system\CLI\SignalTrait.php(245): CodeIgniter\Commands\Database\Migrate::CodeIgniter\Commands\Database\{closure}()
#9 C:\xampp\htdocs\inova100treinamento\vendor\codeigniter4\framework\system\Commands\Database\Migrate.php(88): CodeIgniter\Commands\Database\Migrate->withSignalsBlocked(Object(Closure))
#10 C:\xampp\htdocs\inova100treinamento\vendor\codeigniter4\framework\system\CLI\Commands.php(72): CodeIgniter\Commands\Database\Migrate->run(Array)
#11 C:\xampp\htdocs\inova100treinamento\vendor\codeigniter4\framework\system\CLI\Console.php(47): CodeIgniter\CLI\Commands->run('migrate', Array)
#12 C:\xampp\htdocs\inova100treinamento\vendor\codeigniter4\framework\system\Boot.php(444): CodeIgniter\CLI\Console->run()
#13 C:\xampp\htdocs\inova100treinamento\vendor\codeigniter4\framework\system\Boot.php(166): CodeIgniter\Boot::runCommand(Object(CodeIgniter\CLI\Console))
#14 C:\xampp\htdocs\inova100treinamento\spark(87): CodeIgniter\Boot::bootSpark(Object(Config\Paths))
#15 {main}
DEBUG - 2026-07-07 20:37:05 --> Session: Class initialized using 'CodeIgniter\Session\Handlers\FileHandler' driver.
DEBUG - 2026-07-07 20:39:10 --> Session: Class initialized using 'CodeIgniter\Session\Handlers\FileHandler' driver.
